This file contains any messages produced by compilers while
running configure, to aid debugging if configure makes a mistake.

It was created by libnl configure 3.10.0, which was
generated by GNU Autoconf 2.72.  Invocation command line was

  $ /Users/admin/code/cpp/libnl/configure

## --------- ##
## Platform. ##
## --------- ##

hostname = MacBook-Pro.local
uname -m = x86_64
uname -r = 23.1.0
uname -s = Darwin
uname -v = Darwin Kernel Version 23.1.0: Mon Oct  9 21:27:27 PDT 2023; root:xnu-10002.41.9~6/RELEASE_X86_64

/usr/bin/uname -p = i386
/bin/uname -X     = unknown

/bin/arch              = unknown
/usr/bin/arch -k       = unknown
/usr/convex/getsysinfo = unknown
/usr/bin/hostinfo      = Mach kernel version:
	 Darwin Kernel Version 23.1.0: Mon Oct  9 21:27:27 PDT 2023; root:xnu-10002.41.9~6/RELEASE_X86_64
Kernel configured for up to 12 processors.
6 processors are physically available.
12 processors are logically available.
Processor type: x86_64h (Intel x86-64h Haswell)
Processors active: 0 1 2 3 4 5 6 7 8 9 10 11
Primary memory available: 16.00 gigabytes
Default processor set: 732 tasks, 4465 threads, 12 processors
Load average: 4.11, Mach factor: 7.88
/bin/machine           = unknown
/usr/bin/oslevel       = unknown
/bin/universe          = unknown

PATH: /Users/admin/Downloads/google-cloud-sdk/bin/
PATH: /usr/local/opt/libiconv/bin/
PATH: /Users/admin/.nvm/versions/node/v14.21.3/bin/
PATH: /Users/admin/code/flutter/flutter/bin/
PATH: /Users/admin/.local/bin/
PATH: /usr/local/opt/bison/bin/
PATH: /Users/admin/.phpenv/bin/
PATH: /usr/local/opt/ruby/bin/
PATH: /Users/admin/.nvm/versions/node/v16.20.2/bin/
PATH: /usr/local/bin/
PATH: /System/Cryptexes/App/usr/bin/
PATH: /usr/bin/
PATH: /bin/
PATH: /usr/sbin/
PATH: /sbin/
PATH: /var/run/com.apple.security.cryptexd/codex.system/bootstrap/usr/local/bin/
PATH: /var/run/com.apple.security.cryptexd/codex.system/bootstrap/usr/bin/
PATH: /var/run/com.apple.security.cryptexd/codex.system/bootstrap/usr/appleinternal/bin/
PATH: /Library/Apple/usr/bin/
PATH: /Applications/VMware Fusion.app/Contents/Public/
PATH: /usr/local/go/bin/
PATH: /Users/admin/Library/Application Support/JetBrains/Toolbox/scripts/
PATH: /Users/admin/.rvm/bin/
PATH: /Users/admin/Applications/CLion.app/Contents/bin/ninja/mac/x64/


## ----------- ##
## Core tests. ##
## ----------- ##

configure:2838: looking for aux files: config.guess config.sub ltmain.sh compile ar-lib missing install-sh
configure:2851:  trying /Users/admin/code/cpp/libnl/build-aux/
configure:2880:   /Users/admin/code/cpp/libnl/build-aux/config.guess found
configure:2880:   /Users/admin/code/cpp/libnl/build-aux/config.sub found
configure:2880:   /Users/admin/code/cpp/libnl/build-aux/ltmain.sh found
configure:2880:   /Users/admin/code/cpp/libnl/build-aux/compile found
configure:2880:   /Users/admin/code/cpp/libnl/build-aux/ar-lib found
configure:2880:   /Users/admin/code/cpp/libnl/build-aux/missing found
configure:2862:   /Users/admin/code/cpp/libnl/build-aux/install-sh found
configure:3014: checking for a BSD-compatible install
configure:3088: result: /usr/local/bin/ginstall -c
configure:3099: checking whether build environment is sane
configure:3154: result: yes
configure:3315: checking for a race-free mkdir -p
configure:3358: result: /usr/local/bin/gmkdir -p
configure:3365: checking for gawk
configure:3401: result: no
configure:3365: checking for mawk
configure:3401: result: no
configure:3365: checking for nawk
configure:3401: result: no
configure:3365: checking for awk
configure:3386: found /usr/bin/awk
configure:3398: result: awk
configure:3409: checking whether make sets $(MAKE)
configure:3433: result: yes
configure:3463: checking whether make supports nested variables
configure:3482: result: yes
configure:3630: checking whether make supports nested variables
configure:3649: result: yes
configure:3673: checking whether make supports the include directive
configure:3688: make -f confmf.GNU && cat confinc.out
this is the am__doit target
configure:3691: $? = 0
configure:3710: result: yes (GNU style)
configure:3787: checking for gcc
configure:3808: found /usr/bin/gcc
configure:3820: result: gcc
configure:4179: checking for C compiler version
configure:4188: gcc --version >&5
Apple clang version 15.0.0 (clang-1500.1.0.2.5)
Target: x86_64-apple-darwin23.1.0
Thread model: posix
InstalledDir: /Applications/Xcode.app/Contents/Developer/Toolchains/XcodeDefault.xctoolchain/usr/bin
configure:4199: $? = 0
configure:4188: gcc -v >&5
Apple clang version 15.0.0 (clang-1500.1.0.2.5)
Target: x86_64-apple-darwin23.1.0
Thread model: posix
InstalledDir: /Applications/Xcode.app/Contents/Developer/Toolchains/XcodeDefault.xctoolchain/usr/bin
configure:4199: $? = 0
configure:4188: gcc -V >&5
clang: error: argument to '-V' is missing (expected 1 value)
clang: error: no input files
configure:4199: $? = 1
configure:4188: gcc -qversion >&5
clang: error: unknown argument '-qversion'; did you mean '--version'?
clang: error: no input files
configure:4199: $? = 1
configure:4188: gcc -version >&5
clang: error: unknown argument '-version'; did you mean '--version'?
clang: error: no input files
configure:4199: $? = 1
configure:4219: checking whether the C compiler works
configure:4241: gcc  -I/usr/local/opt/ruby/include -I/usr/local/Cellar/mysql/8.3.0_1/include -I/Library/Developer/CommandLineTools/Library/Frameworks/Python3.framework/Headers -I/usr/local/opt/libiconv/include -I/usr/local/Cellar/zeromq/4.3.5_1/include -L/usr/local/opt/ruby/lib -L/usr/local/Cellar/mysql/8.3.0_1/lib -L/usr/local/opt/libiconv/lib -L/usr/local/Cellar/zeromq/4.3.5_1/lib conftest.c  >&5
configure:4245: $? = 0
configure:4296: result: yes
configure:4300: checking for C compiler default output file name
configure:4302: result: a.out
configure:4308: checking for suffix of executables
configure:4315: gcc -o conftest  -I/usr/local/opt/ruby/include -I/usr/local/Cellar/mysql/8.3.0_1/include -I/Library/Developer/CommandLineTools/Library/Frameworks/Python3.framework/Headers -I/usr/local/opt/libiconv/include -I/usr/local/Cellar/zeromq/4.3.5_1/include -L/usr/local/opt/ruby/lib -L/usr/local/Cellar/mysql/8.3.0_1/lib -L/usr/local/opt/libiconv/lib -L/usr/local/Cellar/zeromq/4.3.5_1/lib conftest.c  >&5
configure:4319: $? = 0
configure:4343: result: 
configure:4367: checking whether we are cross compiling
configure:4375: gcc -o conftest  -I/usr/local/opt/ruby/include -I/usr/local/Cellar/mysql/8.3.0_1/include -I/Library/Developer/CommandLineTools/Library/Frameworks/Python3.framework/Headers -I/usr/local/opt/libiconv/include -I/usr/local/Cellar/zeromq/4.3.5_1/include -L/usr/local/opt/ruby/lib -L/usr/local/Cellar/mysql/8.3.0_1/lib -L/usr/local/opt/libiconv/lib -L/usr/local/Cellar/zeromq/4.3.5_1/lib conftest.c  >&5
configure:4379: $? = 0
configure:4386: ./conftest
configure:4390: $? = 0
configure:4405: result: no
configure:4411: checking for suffix of object files
configure:4434: gcc -c  -I/usr/local/opt/ruby/include -I/usr/local/Cellar/mysql/8.3.0_1/include -I/Library/Developer/CommandLineTools/Library/Frameworks/Python3.framework/Headers -I/usr/local/opt/libiconv/include -I/usr/local/Cellar/zeromq/4.3.5_1/include conftest.c >&5
configure:4438: $? = 0
configure:4462: result: o
configure:4466: checking whether the compiler supports GNU C
configure:4486: gcc -c  -I/usr/local/opt/ruby/include -I/usr/local/Cellar/mysql/8.3.0_1/include -I/Library/Developer/CommandLineTools/Library/Frameworks/Python3.framework/Headers -I/usr/local/opt/libiconv/include -I/usr/local/Cellar/zeromq/4.3.5_1/include conftest.c >&5
configure:4486: $? = 0
configure:4498: result: yes
configure:4509: checking whether gcc accepts -g
configure:4530: gcc -c -g -I/usr/local/opt/ruby/include -I/usr/local/Cellar/mysql/8.3.0_1/include -I/Library/Developer/CommandLineTools/Library/Frameworks/Python3.framework/Headers -I/usr/local/opt/libiconv/include -I/usr/local/Cellar/zeromq/4.3.5_1/include conftest.c >&5
configure:4530: $? = 0
configure:4577: result: yes
configure:4597: checking for gcc option to enable C11 features
configure:4612: gcc  -c -g -O2 -I/usr/local/opt/ruby/include -I/usr/local/Cellar/mysql/8.3.0_1/include -I/Library/Developer/CommandLineTools/Library/Frameworks/Python3.framework/Headers -I/usr/local/opt/libiconv/include -I/usr/local/Cellar/zeromq/4.3.5_1/include conftest.c >&5
configure:4612: $? = 0
configure:4631: result: none needed
configure:4755: checking whether gcc understands -c and -o together
configure:4778: gcc -c conftest.c -o conftest2.o
configure:4781: $? = 0
configure:4778: gcc -c conftest.c -o conftest2.o
configure:4781: $? = 0
configure:4794: result: yes
configure:4813: checking dependency style of gcc
configure:4926: result: gcc3
configure:4998: checking for ar
configure:5019: found /usr/bin/ar
configure:5031: result: ar
configure:5057: checking the archiver (ar) interface
configure:5074: gcc -c -g -O2 -I/usr/local/opt/ruby/include -I/usr/local/Cellar/mysql/8.3.0_1/include -I/Library/Developer/CommandLineTools/Library/Frameworks/Python3.framework/Headers -I/usr/local/opt/libiconv/include -I/usr/local/Cellar/zeromq/4.3.5_1/include conftest.c >&5
configure:5074: $? = 0
configure:5077: ar cru libconftest.a conftest.o >&5
configure:5080: $? = 0
configure:5109: result: ar
configure:5152: checking for stdio.h
configure:5152: gcc -c -g -O2 -I/usr/local/opt/ruby/include -I/usr/local/Cellar/mysql/8.3.0_1/include -I/Library/Developer/CommandLineTools/Library/Frameworks/Python3.framework/Headers -I/usr/local/opt/libiconv/include -I/usr/local/Cellar/zeromq/4.3.5_1/include conftest.c >&5
configure:5152: $? = 0
configure:5152: result: yes
configure:5152: checking for stdlib.h
configure:5152: gcc -c -g -O2 -I/usr/local/opt/ruby/include -I/usr/local/Cellar/mysql/8.3.0_1/include -I/Library/Developer/CommandLineTools/Library/Frameworks/Python3.framework/Headers -I/usr/local/opt/libiconv/include -I/usr/local/Cellar/zeromq/4.3.5_1/include conftest.c >&5
configure:5152: $? = 0
configure:5152: result: yes
configure:5152: checking for string.h
configure:5152: gcc -c -g -O2 -I/usr/local/opt/ruby/include -I/usr/local/Cellar/mysql/8.3.0_1/include -I/Library/Developer/CommandLineTools/Library/Frameworks/Python3.framework/Headers -I/usr/local/opt/libiconv/include -I/usr/local/Cellar/zeromq/4.3.5_1/include conftest.c >&5
configure:5152: $? = 0
configure:5152: result: yes
configure:5152: checking for inttypes.h
configure:5152: gcc -c -g -O2 -I/usr/local/opt/ruby/include -I/usr/local/Cellar/mysql/8.3.0_1/include -I/Library/Developer/CommandLineTools/Library/Frameworks/Python3.framework/Headers -I/usr/local/opt/libiconv/include -I/usr/local/Cellar/zeromq/4.3.5_1/include conftest.c >&5
configure:5152: $? = 0
configure:5152: result: yes
configure:5152: checking for stdint.h
configure:5152: gcc -c -g -O2 -I/usr/local/opt/ruby/include -I/usr/local/Cellar/mysql/8.3.0_1/include -I/Library/Developer/CommandLineTools/Library/Frameworks/Python3.framework/Headers -I/usr/local/opt/libiconv/include -I/usr/local/Cellar/zeromq/4.3.5_1/include conftest.c >&5
configure:5152: $? = 0
configure:5152: result: yes
configure:5152: checking for strings.h
configure:5152: gcc -c -g -O2 -I/usr/local/opt/ruby/include -I/usr/local/Cellar/mysql/8.3.0_1/include -I/Library/Developer/CommandLineTools/Library/Frameworks/Python3.framework/Headers -I/usr/local/opt/libiconv/include -I/usr/local/Cellar/zeromq/4.3.5_1/include conftest.c >&5
configure:5152: $? = 0
configure:5152: result: yes
configure:5152: checking for sys/stat.h
configure:5152: gcc -c -g -O2 -I/usr/local/opt/ruby/include -I/usr/local/Cellar/mysql/8.3.0_1/include -I/Library/Developer/CommandLineTools/Library/Frameworks/Python3.framework/Headers -I/usr/local/opt/libiconv/include -I/usr/local/Cellar/zeromq/4.3.5_1/include conftest.c >&5
configure:5152: $? = 0
configure:5152: result: yes
configure:5152: checking for sys/types.h
configure:5152: gcc -c -g -O2 -I/usr/local/opt/ruby/include -I/usr/local/Cellar/mysql/8.3.0_1/include -I/Library/Developer/CommandLineTools/Library/Frameworks/Python3.framework/Headers -I/usr/local/opt/libiconv/include -I/usr/local/Cellar/zeromq/4.3.5_1/include conftest.c >&5
configure:5152: $? = 0
configure:5152: result: yes
configure:5152: checking for unistd.h
configure:5152: gcc -c -g -O2 -I/usr/local/opt/ruby/include -I/usr/local/Cellar/mysql/8.3.0_1/include -I/Library/Developer/CommandLineTools/Library/Frameworks/Python3.framework/Headers -I/usr/local/opt/libiconv/include -I/usr/local/Cellar/zeromq/4.3.5_1/include conftest.c >&5
configure:5152: $? = 0
configure:5152: result: yes
configure:5152: checking for wchar.h
configure:5152: gcc -c -g -O2 -I/usr/local/opt/ruby/include -I/usr/local/Cellar/mysql/8.3.0_1/include -I/Library/Developer/CommandLineTools/Library/Frameworks/Python3.framework/Headers -I/usr/local/opt/libiconv/include -I/usr/local/Cellar/zeromq/4.3.5_1/include conftest.c >&5
configure:5152: $? = 0
configure:5152: result: yes
configure:5152: checking for minix/config.h
configure:5152: gcc -c -g -O2 -I/usr/local/opt/ruby/include -I/usr/local/Cellar/mysql/8.3.0_1/include -I/Library/Developer/CommandLineTools/Library/Frameworks/Python3.framework/Headers -I/usr/local/opt/libiconv/include -I/usr/local/Cellar/zeromq/4.3.5_1/include conftest.c >&5
conftest.c:49:10: fatal error: 'minix/config.h' file not found
#include <minix/config.h>
         ^~~~~~~~~~~~~~~~
1 error generated.
configure:5152: $? = 1
configure: failed program was:
| /* confdefs.h */
| #define PACKAGE_NAME "libnl"
| #define PACKAGE_TARNAME "libnl"
| #define PACKAGE_VERSION "3.10.0"
| #define PACKAGE_STRING "libnl 3.10.0"
| #define PACKAGE_BUGREPORT ""
| #define PACKAGE_URL "http://www.infradead.org/~tgr/libnl/"
| #define PACKAGE "libnl"
| #define VERSION "3.10.0"
| #define HAVE_STDIO_H 1
| #define HAVE_STDLIB_H 1
| #define HAVE_STRING_H 1
| #define HAVE_INTTYPES_H 1
| #define HAVE_STDINT_H 1
| #define HAVE_STRINGS_H 1
| #define HAVE_SYS_STAT_H 1
| #define HAVE_SYS_TYPES_H 1
| #define HAVE_UNISTD_H 1
| #define HAVE_WCHAR_H 1
| /* end confdefs.h.  */
| #include <stddef.h>
| #ifdef HAVE_STDIO_H
| # include <stdio.h>
| #endif
| #ifdef HAVE_STDLIB_H
| # include <stdlib.h>
| #endif
| #ifdef HAVE_STRING_H
| # include <string.h>
| #endif
| #ifdef HAVE_INTTYPES_H
| # include <inttypes.h>
| #endif
| #ifdef HAVE_STDINT_H
| # include <stdint.h>
| #endif
| #ifdef HAVE_STRINGS_H
| # include <strings.h>
| #endif
| #ifdef HAVE_SYS_TYPES_H
| # include <sys/types.h>
| #endif
| #ifdef HAVE_SYS_STAT_H
| # include <sys/stat.h>
| #endif
| #ifdef HAVE_UNISTD_H
| # include <unistd.h>
| #endif
| #include <minix/config.h>
configure:5152: result: no
configure:5183: checking whether it is safe to define __EXTENSIONS__
configure:5202: gcc -c -g -O2 -I/usr/local/opt/ruby/include -I/usr/local/Cellar/mysql/8.3.0_1/include -I/Library/Developer/CommandLineTools/Library/Frameworks/Python3.framework/Headers -I/usr/local/opt/libiconv/include -I/usr/local/Cellar/zeromq/4.3.5_1/include conftest.c >&5
configure:5202: $? = 0
configure:5212: result: yes
configure:5215: checking whether _XOPEN_SOURCE should be defined
configure:5237: gcc -c -g -O2 -I/usr/local/opt/ruby/include -I/usr/local/Cellar/mysql/8.3.0_1/include -I/Library/Developer/CommandLineTools/Library/Frameworks/Python3.framework/Headers -I/usr/local/opt/libiconv/include -I/usr/local/Cellar/zeromq/4.3.5_1/include conftest.c >&5
configure:5237: $? = 0
configure:5266: result: no
configure:5380: checking for gcc
configure:5413: result: gcc
configure:5772: checking for C compiler version
configure:5781: gcc --version >&5
Apple clang version 15.0.0 (clang-1500.1.0.2.5)
Target: x86_64-apple-darwin23.1.0
Thread model: posix
InstalledDir: /Applications/Xcode.app/Contents/Developer/Toolchains/XcodeDefault.xctoolchain/usr/bin
configure:5792: $? = 0
configure:5781: gcc -v >&5
Apple clang version 15.0.0 (clang-1500.1.0.2.5)
Target: x86_64-apple-darwin23.1.0
Thread model: posix
InstalledDir: /Applications/Xcode.app/Contents/Developer/Toolchains/XcodeDefault.xctoolchain/usr/bin
configure:5792: $? = 0
configure:5781: gcc -V >&5
clang: error: argument to '-V' is missing (expected 1 value)
clang: error: no input files
configure:5792: $? = 1
configure:5781: gcc -qversion >&5
clang: error: unknown argument '-qversion'; did you mean '--version'?
clang: error: no input files
configure:5792: $? = 1
configure:5781: gcc -version >&5
clang: error: unknown argument '-version'; did you mean '--version'?
clang: error: no input files
configure:5792: $? = 1
configure:5796: checking whether the compiler supports GNU C
configure:5828: result: yes
configure:5839: checking whether gcc accepts -g
configure:5907: result: yes
configure:5927: checking for gcc option to enable C11 features
configure:5961: result: none needed
configure:6085: checking whether gcc understands -c and -o together
configure:6124: result: yes
configure:6143: checking dependency style of gcc
configure:6256: result: gcc3
configure:6342: checking for g++
configure:6363: found /usr/bin/g++
configure:6375: result: g++
configure:6402: checking for C++ compiler version
configure:6411: g++ --version >&5
Apple clang version 15.0.0 (clang-1500.1.0.2.5)
Target: x86_64-apple-darwin23.1.0
Thread model: posix
InstalledDir: /Applications/Xcode.app/Contents/Developer/Toolchains/XcodeDefault.xctoolchain/usr/bin
configure:6422: $? = 0
configure:6411: g++ -v >&5
Apple clang version 15.0.0 (clang-1500.1.0.2.5)
Target: x86_64-apple-darwin23.1.0
Thread model: posix
InstalledDir: /Applications/Xcode.app/Contents/Developer/Toolchains/XcodeDefault.xctoolchain/usr/bin
configure:6422: $? = 0
configure:6411: g++ -V >&5
clang: error: argument to '-V' is missing (expected 1 value)
clang: error: no input files
configure:6422: $? = 1
configure:6411: g++ -qversion >&5
clang: error: unknown argument '-qversion'; did you mean '--version'?
clang: error: no input files
configure:6422: $? = 1
configure:6426: checking whether the compiler supports GNU C++
configure:6446: g++ -c  -I/usr/local/opt/ruby/include -I/usr/local/Cellar/mysql/8.3.0_1/include -I/Library/Developer/CommandLineTools/Library/Frameworks/Python3.framework/Headers -I/usr/local/opt/libiconv/include -I/usr/local/Cellar/zeromq/4.3.5_1/include conftest.cpp >&5
configure:6446: $? = 0
configure:6458: result: yes
configure:6469: checking whether g++ accepts -g
configure:6490: g++ -c -g -I/usr/local/opt/ruby/include -I/usr/local/Cellar/mysql/8.3.0_1/include -I/Library/Developer/CommandLineTools/Library/Frameworks/Python3.framework/Headers -I/usr/local/opt/libiconv/include -I/usr/local/Cellar/zeromq/4.3.5_1/include conftest.cpp >&5
configure:6490: $? = 0
configure:6537: result: yes
configure:6557: checking for g++ option to enable C++11 features
configure:6572: g++  -c -g -O2 -I/usr/local/opt/ruby/include -I/usr/local/Cellar/mysql/8.3.0_1/include -I/Library/Developer/CommandLineTools/Library/Frameworks/Python3.framework/Headers -I/usr/local/opt/libiconv/include -I/usr/local/Cellar/zeromq/4.3.5_1/include conftest.cpp >&5
conftest.cpp:85:3: error: "Compiler does not advertise C++11 conformance"
# error "Compiler does not advertise C++11 conformance"
  ^
conftest.cpp:90:3: error: unknown type name 'constexpr'
  constexpr int get_val() { return 20; }
  ^
conftest.cpp:102:17: error: delegating constructors are permitted only in C++11
    delegate(): delegate(2354) {}
                ^~~~~~~~
conftest.cpp:113:26: warning: 'override' keyword is a C++11 extension [-Wc++11-extensions]
    virtual int getval() override final { return this->n * 2; }
                         ^
conftest.cpp:113:35: warning: 'final' keyword is a C++11 extension [-Wc++11-extensions]
    virtual int getval() override final { return this->n * 2; }
                                  ^
conftest.cpp:120:16: warning: defaulted function definitions are a C++11 extension [-Wc++11-extensions]
    nocopy() = default;
               ^
conftest.cpp:121:29: warning: deleted function definitions are a C++11 extension [-Wc++11-extensions]
    nocopy(const nocopy&) = delete;
                            ^
conftest.cpp:122:41: warning: deleted function definitions are a C++11 extension [-Wc++11-extensions]
    nocopy & operator=(const nocopy&) = delete;
                                        ^
conftest.cpp:134:25: warning: 'auto' type specifier is a C++11 extension [-Wc++11-extensions]
  template <typename V> auto sum(V first) -> V
                        ^
conftest.cpp:134:25: error: 'auto' not allowed in function return type
  template <typename V> auto sum(V first) -> V
                        ^~~~
conftest.cpp:134:42: error: expected ';' at end of declaration
  template <typename V> auto sum(V first) -> V
                                         ^
                                         ;
conftest.cpp:134:43: error: cannot use arrow operator on a type
  template <typename V> auto sum(V first) -> V
                                          ^
conftest.cpp:138:33: warning: variadic templates are a C++11 extension [-Wc++11-extensions]
  template <typename V, typename... Args> auto sum(V first, Args... rest) -> V
                                ^
conftest.cpp:138:43: warning: 'auto' type specifier is a C++11 extension [-Wc++11-extensions]
  template <typename V, typename... Args> auto sum(V first, Args... rest) -> V
                                          ^
conftest.cpp:138:43: error: 'auto' not allowed in function return type
  template <typename V, typename... Args> auto sum(V first, Args... rest) -> V
                                          ^~~~
conftest.cpp:138:74: error: expected ';' at end of declaration
  template <typename V, typename... Args> auto sum(V first, Args... rest) -> V
                                                                         ^
                                                                         ;
conftest.cpp:138:75: error: cannot use arrow operator on a type
  template <typename V, typename... Args> auto sum(V first, Args... rest) -> V
                                                                          ^
conftest.cpp:162:3: warning: 'auto' type specifier is a C++11 extension [-Wc++11-extensions]
  auto a1 = 6538;
  ^
conftest.cpp:163:3: warning: 'auto' type specifier is a C++11 extension [-Wc++11-extensions]
  auto a2 = 48573953.4;
  ^
conftest.cpp:164:3: warning: 'auto' type specifier is a C++11 extension [-Wc++11-extensions]
  auto a3 = "String literal";
  ^
conftest.cpp:167:8: warning: 'auto' type specifier is a C++11 extension [-Wc++11-extensions]
  for (auto i = a3; *i; ++i) { total += *i; }
       ^
conftest.cpp:183:8: warning: 'auto' type specifier is a C++11 extension [-Wc++11-extensions]
  for (auto &x : array) { x += 23; }
       ^
conftest.cpp:183:16: warning: range-based for loop is a C++11 extension [-Wc++11-extensions]
  for (auto &x : array) { x += 23; }
               ^
conftest.cpp:188:17: error: expected expression
  assert (eval ([](int x) { return x*2; }, 21) == 42);
                ^
conftest.cpp:190:17: error: expected expression
  assert (eval ([&](double x) { return d += x; }, 3.0) == 5.0);
                ^
conftest.cpp:192:17: error: expected expression
  assert (eval ([=](double x) mutable { return d += x; }, 4.0) == 9.0);
                ^
conftest.cpp:198:3: warning: 'auto' type specifier is a C++11 extension [-Wc++11-extensions]
  auto a = sum(1);
  ^
conftest.cpp:198:12: error: no matching function for call to 'sum'
  auto a = sum(1);
           ^~~
conftest.cpp:199:3: warning: 'auto' type specifier is a C++11 extension [-Wc++11-extensions]
  auto b = sum(1, 2);
  ^
conftest.cpp:199:12: error: no matching function for call to 'sum'
  auto b = sum(1, 2);
           ^~~
conftest.cpp:200:3: warning: 'auto' type specifier is a C++11 extension [-Wc++11-extensions]
  auto c = sum(1.0, 2.0, 3.0);
  ^
conftest.cpp:200:12: error: no matching function for call to 'sum'
  auto c = sum(1.0, 2.0, 3.0);
           ^~~
conftest.cpp:205:25: warning: empty parentheses interpreted as a function declaration [-Wvexing-parse]
  cxx11test::delegate d2();
                        ^~
conftest.cpp:205:25: note: remove parentheses to declare a variable
  cxx11test::delegate d2();
                        ^~
conftest.cpp:218:16: error: found '<::' after a template name which forms the digraph '<:' (aka '[') and a ':', did you mean '< ::'?
  test_template<::test_template<int>> v(test_template<int>(12));
               ^~~
               < ::
conftest.cpp:218:36: error: a space is required between consecutive right angle brackets (use '> >')
  test_template<::test_template<int>> v(test_template<int>(12));
                                   ^~
                                   > >
conftest.cpp:222:22: error: use of undeclared identifier 'u8'
  char const *utf8 = u8"UTF-8 string \u2500";
                     ^
conftest.cpp:222:24: error: expected ';' at end of declaration
  char const *utf8 = u8"UTF-8 string \u2500";
                       ^
                       ;
fatal error: too many errors emitted, stopping now [-ferror-limit=]
18 warnings and 20 errors generated.
configure:6572: $? = 1
configure: failed program was:
| /* confdefs.h */
| #define PACKAGE_NAME "libnl"
| #define PACKAGE_TARNAME "libnl"
| #define PACKAGE_VERSION "3.10.0"
| #define PACKAGE_STRING "libnl 3.10.0"
| #define PACKAGE_BUGREPORT ""
| #define PACKAGE_URL "http://www.infradead.org/~tgr/libnl/"
| #define PACKAGE "libnl"
| #define VERSION "3.10.0"
| #define HAVE_STDIO_H 1
| #define HAVE_STDLIB_H 1
| #define HAVE_STRING_H 1
| #define HAVE_INTTYPES_H 1
| #define HAVE_STDINT_H 1
| #define HAVE_STRINGS_H 1
| #define HAVE_SYS_STAT_H 1
| #define HAVE_SYS_TYPES_H 1
| #define HAVE_UNISTD_H 1
| #define HAVE_WCHAR_H 1
| #define STDC_HEADERS 1
| #define _ALL_SOURCE 1
| #define _DARWIN_C_SOURCE 1
| #define _GNU_SOURCE 1
| #define _HPUX_ALT_XOPEN_SOCKET_API 1
| #define _NETBSD_SOURCE 1
| #define _OPENBSD_SOURCE 1
| #define _POSIX_PTHREAD_SEMANTICS 1
| #define __STDC_WANT_IEC_60559_ATTRIBS_EXT__ 1
| #define __STDC_WANT_IEC_60559_BFP_EXT__ 1
| #define __STDC_WANT_IEC_60559_DFP_EXT__ 1
| #define __STDC_WANT_IEC_60559_EXT__ 1
| #define __STDC_WANT_IEC_60559_FUNCS_EXT__ 1
| #define __STDC_WANT_IEC_60559_TYPES_EXT__ 1
| #define __STDC_WANT_LIB_EXT2__ 1
| #define __STDC_WANT_MATH_SPEC_FUNCS__ 1
| #define _TANDEM_SOURCE 1
| #define __EXTENSIONS__ 1
| /* end confdefs.h.  */
| 
| // Does the compiler advertise C++98 conformance?
| #if !defined __cplusplus || __cplusplus < 199711L
| # error "Compiler does not advertise C++98 conformance"
| #endif
| 
| // These inclusions are to reject old compilers that
| // lack the unsuffixed header files.
| #include <cstdlib>
| #include <exception>
| 
| // <cassert> and <cstring> are *not* freestanding headers in C++98.
| extern void assert (int);
| namespace std {
|   extern int strcmp (const char *, const char *);
| }
| 
| // Namespaces, exceptions, and templates were all added after "C++ 2.0".
| using std::exception;
| using std::strcmp;
| 
| namespace {
| 
| void test_exception_syntax()
| {
|   try {
|     throw "test";
|   } catch (const char *s) {
|     // Extra parentheses suppress a warning when building autoconf itself,
|     // due to lint rules shared with more typical C programs.
|     assert (!(strcmp) (s, "test"));
|   }
| }
| 
| template <typename T> struct test_template
| {
|   T const val;
|   explicit test_template(T t) : val(t) {}
|   template <typename U> T add(U u) { return static_cast<T>(u) + val; }
| };
| 
| } // anonymous namespace
| 
| 
| // Does the compiler advertise C++ 2011 conformance?
| #if !defined __cplusplus || __cplusplus < 201103L
| # error "Compiler does not advertise C++11 conformance"
| #endif
| 
| namespace cxx11test
| {
|   constexpr int get_val() { return 20; }
| 
|   struct testinit
|   {
|     int i;
|     double d;
|   };
| 
|   class delegate
|   {
|   public:
|     delegate(int n) : n(n) {}
|     delegate(): delegate(2354) {}
| 
|     virtual int getval() { return this->n; };
|   protected:
|     int n;
|   };
| 
|   class overridden : public delegate
|   {
|   public:
|     overridden(int n): delegate(n) {}
|     virtual int getval() override final { return this->n * 2; }
|   };
| 
|   class nocopy
|   {
|   public:
|     nocopy(int i): i(i) {}
|     nocopy() = default;
|     nocopy(const nocopy&) = delete;
|     nocopy & operator=(const nocopy&) = delete;
|   private:
|     int i;
|   };
| 
|   // for testing lambda expressions
|   template <typename Ret, typename Fn> Ret eval(Fn f, Ret v)
|   {
|     return f(v);
|   }
| 
|   // for testing variadic templates and trailing return types
|   template <typename V> auto sum(V first) -> V
|   {
|     return first;
|   }
|   template <typename V, typename... Args> auto sum(V first, Args... rest) -> V
|   {
|     return first + sum(rest...);
|   }
| }
| 
| 
| int
| main (int argc, char **argv)
| {
|   int ok = 0;
|   
|   assert (argc);
|   assert (! argv[0]);
| {
|   test_exception_syntax ();
|   test_template<double> tt (2.0);
|   assert (tt.add (4) == 6.0);
|   assert (true && !false);
| }
| 
|   
| {
|   // Test auto and decltype
|   auto a1 = 6538;
|   auto a2 = 48573953.4;
|   auto a3 = "String literal";
| 
|   int total = 0;
|   for (auto i = a3; *i; ++i) { total += *i; }
| 
|   decltype(a2) a4 = 34895.034;
| }
| {
|   // Test constexpr
|   short sa[cxx11test::get_val()] = { 0 };
| }
| {
|   // Test initializer lists
|   cxx11test::testinit il = { 4323, 435234.23544 };
| }
| {
|   // Test range-based for
|   int array[] = {9, 7, 13, 15, 4, 18, 12, 10, 5, 3,
|                  14, 19, 17, 8, 6, 20, 16, 2, 11, 1};
|   for (auto &x : array) { x += 23; }
| }
| {
|   // Test lambda expressions
|   using cxx11test::eval;
|   assert (eval ([](int x) { return x*2; }, 21) == 42);
|   double d = 2.0;
|   assert (eval ([&](double x) { return d += x; }, 3.0) == 5.0);
|   assert (d == 5.0);
|   assert (eval ([=](double x) mutable { return d += x; }, 4.0) == 9.0);
|   assert (d == 5.0);
| }
| {
|   // Test use of variadic templates
|   using cxx11test::sum;
|   auto a = sum(1);
|   auto b = sum(1, 2);
|   auto c = sum(1.0, 2.0, 3.0);
| }
| {
|   // Test constructor delegation
|   cxx11test::delegate d1;
|   cxx11test::delegate d2();
|   cxx11test::delegate d3(45);
| }
| {
|   // Test override and final
|   cxx11test::overridden o1(55464);
| }
| {
|   // Test nullptr
|   char *c = nullptr;
| }
| {
|   // Test template brackets
|   test_template<::test_template<int>> v(test_template<int>(12));
| }
| {
|   // Unicode literals
|   char const *utf8 = u8"UTF-8 string \u2500";
|   char16_t const *utf16 = u"UTF-8 string \u2500";
|   char32_t const *utf32 = U"UTF-32 string \u2500";
| }
| 
|   return ok;
| }
| 
configure:6572: g++ -std=gnu++11 -c -g -O2 -I/usr/local/opt/ruby/include -I/usr/local/Cellar/mysql/8.3.0_1/include -I/Library/Developer/CommandLineTools/Library/Frameworks/Python3.framework/Headers -I/usr/local/opt/libiconv/include -I/usr/local/Cellar/zeromq/4.3.5_1/include conftest.cpp >&5
conftest.cpp:205:25: warning: empty parentheses interpreted as a function declaration [-Wvexing-parse]
  cxx11test::delegate d2();
                        ^~
conftest.cpp:205:25: note: remove parentheses to declare a variable
  cxx11test::delegate d2();
                        ^~
1 warning generated.
configure:6572: $? = 0
configure:6594: result: -std=gnu++11
configure:6662: checking dependency style of g++ -std=gnu++11
configure:6775: result: gcc3
configure:6823: checking build system type
configure:6839: result: x86_64-apple-darwin23.1.0
configure:6859: checking host system type
configure:6874: result: x86_64-apple-darwin23.1.0
configure:6915: checking how to print strings
configure:6942: result: printf
configure:6963: checking for a sed that does not truncate output
configure:7035: result: /usr/local/bin/gsed
configure:7053: checking for grep that handles long lines and -e
configure:7119: result: /usr/local/bin/ggrep
configure:7124: checking for egrep
configure:7194: result: /usr/local/bin/ggrep -E
configure:7201: checking for fgrep
configure:7271: result: /usr/local/bin/ggrep -F
configure:7308: checking for ld used by gcc
configure:7377: result: /Applications/Xcode.app/Contents/Developer/Toolchains/XcodeDefault.xctoolchain/usr/bin/ld
configure:7384: checking if the linker (/Applications/Xcode.app/Contents/Developer/Toolchains/XcodeDefault.xctoolchain/usr/bin/ld) is GNU ld
configure:7401: result: no
configure:7413: checking for BSD- or MS-compatible name lister (nm)
configure:7469: result: /usr/bin/nm -B
configure:7611: checking the name lister (/usr/bin/nm -B) interface
configure:7619: gcc -c -g -O2 -I/usr/local/opt/ruby/include -I/usr/local/Cellar/mysql/8.3.0_1/include -I/Library/Developer/CommandLineTools/Library/Frameworks/Python3.framework/Headers -I/usr/local/opt/libiconv/include -I/usr/local/Cellar/zeromq/4.3.5_1/include conftest.c >&5
configure:7622: /usr/bin/nm -B "conftest.o"
configure:7625: output
0000000000000248 S _some_variable
configure:7633: result: BSD nm
configure:7636: checking whether ln -s works
configure:7640: result: yes
configure:7648: checking the maximum length of command line arguments
configure:7781: result: 786432
configure:7829: checking how to convert x86_64-apple-darwin23.1.0 file names to x86_64-apple-darwin23.1.0 format
configure:7871: result: func_convert_file_noop
configure:7878: checking how to convert x86_64-apple-darwin23.1.0 file names to toolchain format
configure:7900: result: func_convert_file_noop
configure:7907: checking for /Applications/Xcode.app/Contents/Developer/Toolchains/XcodeDefault.xctoolchain/usr/bin/ld option to reload object files
configure:7916: result: -r
configure:7996: checking for file
configure:8017: found /usr/bin/file
configure:8029: result: file
configure:8106: checking for objdump
configure:8127: found /usr/bin/objdump
configure:8139: result: objdump
configure:8171: checking how to recognize dependent libraries
configure:8373: result: pass_all
configure:8464: checking for dlltool
configure:8500: result: no
configure:8530: checking how to associate runtime and link libraries
configure:8559: result: printf %s\n
configure:8711: checking for archiver @FILE support
configure:8729: gcc -c -g -O2 -I/usr/local/opt/ruby/include -I/usr/local/Cellar/mysql/8.3.0_1/include -I/Library/Developer/CommandLineTools/Library/Frameworks/Python3.framework/Headers -I/usr/local/opt/libiconv/include -I/usr/local/Cellar/zeromq/4.3.5_1/include conftest.c >&5
configure:8729: $? = 0
configure:8733: ar cr libconftest.a @conftest.lst >&5
ar: @conftest.lst: No such file or directory
configure:8736: $? = 1
configure:8757: result: no
configure:8821: checking for strip
configure:8842: found /usr/bin/strip
configure:8854: result: strip
configure:8932: checking for ranlib
configure:8953: found /usr/bin/ranlib
configure:8965: result: ranlib
configure:9067: checking command to parse /usr/bin/nm -B output from gcc object
configure:9221: gcc -c -g -O2 -I/usr/local/opt/ruby/include -I/usr/local/Cellar/mysql/8.3.0_1/include -I/Library/Developer/CommandLineTools/Library/Frameworks/Python3.framework/Headers -I/usr/local/opt/libiconv/include -I/usr/local/Cellar/zeromq/4.3.5_1/include conftest.c >&5
configure:9224: $? = 0
configure:9228: /usr/bin/nm -B conftest.o \| /usr/local/bin/gsed -n -e 's/^.*[ ]\([ABCDGIRSTW][ABCDGIRSTW]*\)[ ][ ]*\([_A-Za-z][_A-Za-z0-9]*\)$/\1 \2 \2/p' | /usr/local/bin/gsed '/ __gnu_lto/d' \> conftest.nm
configure:9231: $? = 0
cannot find nm_test_var in conftest.nm
configure:9221: gcc -c -g -O2 -I/usr/local/opt/ruby/include -I/usr/local/Cellar/mysql/8.3.0_1/include -I/Library/Developer/CommandLineTools/Library/Frameworks/Python3.framework/Headers -I/usr/local/opt/libiconv/include -I/usr/local/Cellar/zeromq/4.3.5_1/include conftest.c >&5
configure:9224: $? = 0
configure:9228: /usr/bin/nm -B conftest.o \| /usr/local/bin/gsed -n -e 's/^.*[ ]\([ABCDGIRSTW][ABCDGIRSTW]*\)[ ][ ]*_\([_A-Za-z][_A-Za-z0-9]*\)$/\1 _\2 \2/p' | /usr/local/bin/gsed '/ __gnu_lto/d' \> conftest.nm
configure:9231: $? = 0
configure:9297: gcc -o conftest -g -O2 -I/usr/local/opt/ruby/include -I/usr/local/Cellar/mysql/8.3.0_1/include -I/Library/Developer/CommandLineTools/Library/Frameworks/Python3.framework/Headers -I/usr/local/opt/libiconv/include -I/usr/local/Cellar/zeromq/4.3.5_1/include -L/usr/local/opt/ruby/lib -L/usr/local/Cellar/mysql/8.3.0_1/lib -L/usr/local/opt/libiconv/lib -L/usr/local/Cellar/zeromq/4.3.5_1/lib conftest.c conftstm.o >&5
configure:9300: $? = 0
configure:9339: result: ok
configure:9386: checking for sysroot
configure:9418: result: no
configure:9425: checking for a working dd
configure:9470: result: /bin/dd
configure:9474: checking how to truncate binary pipes
configure:9491: result: /bin/dd bs=4096 count=1
configure:9831: checking for mt
configure:9867: result: no
configure:9887: checking if : is a manifest tool
configure:9894: : '-?'
configure:9903: result: no
configure:9965: checking for dsymutil
configure:9986: found /usr/bin/dsymutil
configure:9998: result: dsymutil
configure:10069: checking for nmedit
configure:10090: found /usr/bin/nmedit
configure:10102: result: nmedit
configure:10173: checking for lipo
configure:10194: found /usr/bin/lipo
configure:10206: result: lipo
configure:10277: checking for otool
configure:10298: found /usr/bin/otool
configure:10310: result: otool
configure:10381: checking for otool64
configure:10417: result: no
configure:10462: checking for -single_module linker flag
gcc -g -O2 -L/usr/local/opt/ruby/lib -L/usr/local/Cellar/mysql/8.3.0_1/lib -L/usr/local/opt/libiconv/lib -L/usr/local/Cellar/zeromq/4.3.5_1/lib -o libconftest.dylib -dynamiclib -Wl,-single_module conftest.c
ld: warning: -single_module is obsolete
configure:10497: result: no
configure:10500: checking for -exported_symbols_list linker flag
configure:10521: gcc -o conftest -g -O2 -I/usr/local/opt/ruby/include -I/usr/local/Cellar/mysql/8.3.0_1/include -I/Library/Developer/CommandLineTools/Library/Frameworks/Python3.framework/Headers -I/usr/local/opt/libiconv/include -I/usr/local/Cellar/zeromq/4.3.5_1/include -L/usr/local/opt/ruby/lib -L/usr/local/Cellar/mysql/8.3.0_1/lib -L/usr/local/opt/libiconv/lib -L/usr/local/Cellar/zeromq/4.3.5_1/lib -Wl,-exported_symbols_list,conftest.sym conftest.c  >&5
configure:10521: $? = 0
configure:10534: result: yes
configure:10537: checking for -force_load linker flag
gcc -g -O2 -c -o conftest.o conftest.c
ar cr libconftest.a conftest.o
ranlib libconftest.a
gcc -g -O2 -L/usr/local/opt/ruby/lib -L/usr/local/Cellar/mysql/8.3.0_1/lib -L/usr/local/opt/libiconv/lib -L/usr/local/Cellar/zeromq/4.3.5_1/lib -o conftest conftest.c -Wl,-force_load,./libconftest.a
configure:10571: result: yes
configure:10638: checking for dlfcn.h
configure:10638: gcc -c -g -O2 -I/usr/local/opt/ruby/include -I/usr/local/Cellar/mysql/8.3.0_1/include -I/Library/Developer/CommandLineTools/Library/Frameworks/Python3.framework/Headers -I/usr/local/opt/libiconv/include -I/usr/local/Cellar/zeromq/4.3.5_1/include conftest.c >&5
configure:10638: $? = 0
configure:10638: result: yes
configure:10914: checking for objdir
configure:10931: result: .libs
configure:11197: checking if gcc supports -fno-rtti -fno-exceptions
configure:11216: gcc -c -g -O2 -I/usr/local/opt/ruby/include -I/usr/local/Cellar/mysql/8.3.0_1/include -I/Library/Developer/CommandLineTools/Library/Frameworks/Python3.framework/Headers -I/usr/local/opt/libiconv/include -I/usr/local/Cellar/zeromq/4.3.5_1/include -fno-rtti -fno-exceptions conftest.c >&5
configure:11220: $? = 0
configure:11234: result: yes
configure:11592: checking for gcc option to produce PIC
configure:11601: result: -fno-common -DPIC
configure:11609: checking if gcc PIC flag -fno-common -DPIC works
configure:11628: gcc -c -g -O2 -I/usr/local/opt/ruby/include -I/usr/local/Cellar/mysql/8.3.0_1/include -I/Library/Developer/CommandLineTools/Library/Frameworks/Python3.framework/Headers -I/usr/local/opt/libiconv/include -I/usr/local/Cellar/zeromq/4.3.5_1/include -fno-common -DPIC -DPIC conftest.c >&5
configure:11632: $? = 0
configure:11646: result: yes
configure:11675: checking if gcc static flag -static works
configure:11705: result: no
configure:11720: checking if gcc supports -c -o file.o
configure:11742: gcc -c -g -O2 -I/usr/local/opt/ruby/include -I/usr/local/Cellar/mysql/8.3.0_1/include -I/Library/Developer/CommandLineTools/Library/Frameworks/Python3.framework/Headers -I/usr/local/opt/libiconv/include -I/usr/local/Cellar/zeromq/4.3.5_1/include -o out/conftest2.o conftest.c >&5
configure:11746: $? = 0
configure:11769: result: yes
configure:11777: checking if gcc supports -c -o file.o
configure:11826: result: yes
configure:11859: checking whether the gcc linker (/Applications/Xcode.app/Contents/Developer/Toolchains/XcodeDefault.xctoolchain/usr/bin/ld) supports shared libraries
configure:13132: result: yes
configure:13374: checking dynamic linker characteristics
configure:14196: result: darwin23.1.0 dyld
configure:14318: checking how to hardcode library paths into programs
configure:14343: result: immediate
configure:14943: checking whether stripping libraries is possible
configure:14960: result: yes
configure:14994: checking if libtool supports shared libraries
configure:14996: result: yes
configure:14999: checking whether to build shared libraries
configure:15024: result: yes
configure:15027: checking whether to build static libraries
configure:15031: result: yes
configure:15054: checking how to run the C++ preprocessor
configure:15076: g++ -std=gnu++11 -E -I/usr/local/opt/ruby/include -I/usr/local/Cellar/mysql/8.3.0_1/include -I/Library/Developer/CommandLineTools/Library/Frameworks/Python3.framework/Headers -I/usr/local/opt/libiconv/include -I/usr/local/Cellar/zeromq/4.3.5_1/include conftest.cpp
configure:15076: $? = 0
configure:15092: g++ -std=gnu++11 -E -I/usr/local/opt/ruby/include -I/usr/local/Cellar/mysql/8.3.0_1/include -I/Library/Developer/CommandLineTools/Library/Frameworks/Python3.framework/Headers -I/usr/local/opt/libiconv/include -I/usr/local/Cellar/zeromq/4.3.5_1/include conftest.cpp
conftest.cpp:41:10: fatal error: 'ac_nonexistent.h' file not found
#include <ac_nonexistent.h>
         ^~~~~~~~~~~~~~~~~~
1 error generated.
configure:15092: $? = 1
configure: failed program was:
| /* confdefs.h */
| #define PACKAGE_NAME "libnl"
| #define PACKAGE_TARNAME "libnl"
| #define PACKAGE_VERSION "3.10.0"
| #define PACKAGE_STRING "libnl 3.10.0"
| #define PACKAGE_BUGREPORT ""
| #define PACKAGE_URL "http://www.infradead.org/~tgr/libnl/"
| #define PACKAGE "libnl"
| #define VERSION "3.10.0"
| #define HAVE_STDIO_H 1
| #define HAVE_STDLIB_H 1
| #define HAVE_STRING_H 1
| #define HAVE_INTTYPES_H 1
| #define HAVE_STDINT_H 1
| #define HAVE_STRINGS_H 1
| #define HAVE_SYS_STAT_H 1
| #define HAVE_SYS_TYPES_H 1
| #define HAVE_UNISTD_H 1
| #define HAVE_WCHAR_H 1
| #define STDC_HEADERS 1
| #define _ALL_SOURCE 1
| #define _DARWIN_C_SOURCE 1
| #define _GNU_SOURCE 1
| #define _HPUX_ALT_XOPEN_SOCKET_API 1
| #define _NETBSD_SOURCE 1
| #define _OPENBSD_SOURCE 1
| #define _POSIX_PTHREAD_SEMANTICS 1
| #define __STDC_WANT_IEC_60559_ATTRIBS_EXT__ 1
| #define __STDC_WANT_IEC_60559_BFP_EXT__ 1
| #define __STDC_WANT_IEC_60559_DFP_EXT__ 1
| #define __STDC_WANT_IEC_60559_EXT__ 1
| #define __STDC_WANT_IEC_60559_FUNCS_EXT__ 1
| #define __STDC_WANT_IEC_60559_TYPES_EXT__ 1
| #define __STDC_WANT_LIB_EXT2__ 1
| #define __STDC_WANT_MATH_SPEC_FUNCS__ 1
| #define _TANDEM_SOURCE 1
| #define __EXTENSIONS__ 1
| #define HAVE_DLFCN_H 1
| #define LT_OBJDIR ".libs/"
| /* end confdefs.h.  */
| #include <ac_nonexistent.h>
configure:15121: result: g++ -std=gnu++11 -E
configure:15135: g++ -std=gnu++11 -E -I/usr/local/opt/ruby/include -I/usr/local/Cellar/mysql/8.3.0_1/include -I/Library/Developer/CommandLineTools/Library/Frameworks/Python3.framework/Headers -I/usr/local/opt/libiconv/include -I/usr/local/Cellar/zeromq/4.3.5_1/include conftest.cpp
configure:15135: $? = 0
configure:15151: g++ -std=gnu++11 -E -I/usr/local/opt/ruby/include -I/usr/local/Cellar/mysql/8.3.0_1/include -I/Library/Developer/CommandLineTools/Library/Frameworks/Python3.framework/Headers -I/usr/local/opt/libiconv/include -I/usr/local/Cellar/zeromq/4.3.5_1/include conftest.cpp
conftest.cpp:41:10: fatal error: 'ac_nonexistent.h' file not found
#include <ac_nonexistent.h>
         ^~~~~~~~~~~~~~~~~~
1 error generated.
configure:15151: $? = 1
configure: failed program was:
| /* confdefs.h */
| #define PACKAGE_NAME "libnl"
| #define PACKAGE_TARNAME "libnl"
| #define PACKAGE_VERSION "3.10.0"
| #define PACKAGE_STRING "libnl 3.10.0"
| #define PACKAGE_BUGREPORT ""
| #define PACKAGE_URL "http://www.infradead.org/~tgr/libnl/"
| #define PACKAGE "libnl"
| #define VERSION "3.10.0"
| #define HAVE_STDIO_H 1
| #define HAVE_STDLIB_H 1
| #define HAVE_STRING_H 1
| #define HAVE_INTTYPES_H 1
| #define HAVE_STDINT_H 1
| #define HAVE_STRINGS_H 1
| #define HAVE_SYS_STAT_H 1
| #define HAVE_SYS_TYPES_H 1
| #define HAVE_UNISTD_H 1
| #define HAVE_WCHAR_H 1
| #define STDC_HEADERS 1
| #define _ALL_SOURCE 1
| #define _DARWIN_C_SOURCE 1
| #define _GNU_SOURCE 1
| #define _HPUX_ALT_XOPEN_SOCKET_API 1
| #define _NETBSD_SOURCE 1
| #define _OPENBSD_SOURCE 1
| #define _POSIX_PTHREAD_SEMANTICS 1
| #define __STDC_WANT_IEC_60559_ATTRIBS_EXT__ 1
| #define __STDC_WANT_IEC_60559_BFP_EXT__ 1
| #define __STDC_WANT_IEC_60559_DFP_EXT__ 1
| #define __STDC_WANT_IEC_60559_EXT__ 1
| #define __STDC_WANT_IEC_60559_FUNCS_EXT__ 1
| #define __STDC_WANT_IEC_60559_TYPES_EXT__ 1
| #define __STDC_WANT_LIB_EXT2__ 1
| #define __STDC_WANT_MATH_SPEC_FUNCS__ 1
| #define _TANDEM_SOURCE 1
| #define __EXTENSIONS__ 1
| #define HAVE_DLFCN_H 1
| #define LT_OBJDIR ".libs/"
| /* end confdefs.h.  */
| #include <ac_nonexistent.h>
configure:15319: checking for ld used by g++ -std=gnu++11
configure:15388: result: /Applications/Xcode.app/Contents/Developer/Toolchains/XcodeDefault.xctoolchain/usr/bin/ld
configure:15395: checking if the linker (/Applications/Xcode.app/Contents/Developer/Toolchains/XcodeDefault.xctoolchain/usr/bin/ld) is GNU ld
configure:15412: result: no
configure:15467: checking whether the g++ -std=gnu++11 linker (/Applications/Xcode.app/Contents/Developer/Toolchains/XcodeDefault.xctoolchain/usr/bin/ld) supports shared libraries
configure:16547: result: yes
configure:16583: g++ -std=gnu++11 -c -g -O2 -I/usr/local/opt/ruby/include -I/usr/local/Cellar/mysql/8.3.0_1/include -I/Library/Developer/CommandLineTools/Library/Frameworks/Python3.framework/Headers -I/usr/local/opt/libiconv/include -I/usr/local/Cellar/zeromq/4.3.5_1/include conftest.cpp >&5
configure:16586: $? = 0
configure:17067: checking for g++ -std=gnu++11 option to produce PIC
configure:17076: result: -fno-common -DPIC
configure:17084: checking if g++ -std=gnu++11 PIC flag -fno-common -DPIC works
configure:17103: g++ -std=gnu++11 -c -g -O2 -I/usr/local/opt/ruby/include -I/usr/local/Cellar/mysql/8.3.0_1/include -I/Library/Developer/CommandLineTools/Library/Frameworks/Python3.framework/Headers -I/usr/local/opt/libiconv/include -I/usr/local/Cellar/zeromq/4.3.5_1/include -fno-common -DPIC -DPIC conftest.cpp >&5
configure:17107: $? = 0
configure:17121: result: yes
configure:17144: checking if g++ -std=gnu++11 static flag -static works
configure:17174: result: no
configure:17186: checking if g++ -std=gnu++11 supports -c -o file.o
configure:17208: g++ -std=gnu++11 -c -g -O2 -I/usr/local/opt/ruby/include -I/usr/local/Cellar/mysql/8.3.0_1/include -I/Library/Developer/CommandLineTools/Library/Frameworks/Python3.framework/Headers -I/usr/local/opt/libiconv/include -I/usr/local/Cellar/zeromq/4.3.5_1/include -o out/conftest2.o conftest.cpp >&5
configure:17212: $? = 0
configure:17235: result: yes
configure:17240: checking if g++ -std=gnu++11 supports -c -o file.o
configure:17289: result: yes
configure:17319: checking whether the g++ -std=gnu++11 linker (/Applications/Xcode.app/Contents/Developer/Toolchains/XcodeDefault.xctoolchain/usr/bin/ld) supports shared libraries
configure:17359: result: yes
configure:17502: checking dynamic linker characteristics
configure:18251: result: darwin23.1.0 dyld
configure:18316: checking how to hardcode library paths into programs
configure:18341: result: immediate
configure:18407: checking for flex
configure:18428: found /usr/bin/flex
configure:18440: result: flex
configure:18455: checking for bison
configure:18476: found /usr/local/opt/bison/bin/bison
configure:18488: result: bison -y
configure:18500: checking for an ANSI C-conforming const
configure:18567: gcc -c -g -O2 -I/usr/local/opt/ruby/include -I/usr/local/Cellar/mysql/8.3.0_1/include -I/Library/Developer/CommandLineTools/Library/Frameworks/Python3.framework/Headers -I/usr/local/opt/libiconv/include -I/usr/local/Cellar/zeromq/4.3.5_1/include conftest.c >&5
configure:18567: $? = 0
configure:18577: result: yes
configure:18585: checking for inline
configure:18602: gcc -c -g -O2 -I/usr/local/opt/ruby/include -I/usr/local/Cellar/mysql/8.3.0_1/include -I/Library/Developer/CommandLineTools/Library/Frameworks/Python3.framework/Headers -I/usr/local/opt/libiconv/include -I/usr/local/Cellar/zeromq/4.3.5_1/include conftest.c >&5
configure:18602: $? = 0
configure:18612: result: inline
configure:18650: g++ -std=gnu++11 -c -g -O2 -I/usr/local/opt/ruby/include -I/usr/local/Cellar/mysql/8.3.0_1/include -I/Library/Developer/CommandLineTools/Library/Frameworks/Python3.framework/Headers -I/usr/local/opt/libiconv/include -I/usr/local/Cellar/zeromq/4.3.5_1/include conftest.cpp >&5
configure:18650: $? = 0
configure:18733: checking for pkg-config
configure:18756: found /usr/local/bin/pkg-config
configure:18769: result: /usr/local/bin/pkg-config
configure:18794: checking pkg-config is at least version 0.9.0
configure:18797: result: yes
configure:18807: checking for check >= 0.9.0
configure:18814: $PKG_CONFIG --exists --print-errors "check >= 0.9.0"
Package check was not found in the pkg-config search path.
Perhaps you should add the directory containing `check.pc'
to the PKG_CONFIG_PATH environment variable
No package 'check' found
configure:18817: $? = 1
configure:18831: $PKG_CONFIG --exists --print-errors "check >= 0.9.0"
Package check was not found in the pkg-config search path.
Perhaps you should add the directory containing `check.pc'
to the PKG_CONFIG_PATH environment variable
No package 'check' found
configure:18834: $? = 1
configure:18848: result: no
No package 'check' found
configure:18864: WARNING: *** Disabling building of unit tests
configure:18940: checking for dlfcn.h
configure:18940: result: yes
configure:18970: checking for pthread_mutex_lock in -lpthread
configure:18999: gcc -o conftest -g -O2 -I/usr/local/opt/ruby/include -I/usr/local/Cellar/mysql/8.3.0_1/include -I/Library/Developer/CommandLineTools/Library/Frameworks/Python3.framework/Headers -I/usr/local/opt/libiconv/include -I/usr/local/Cellar/zeromq/4.3.5_1/include -L/usr/local/opt/ruby/lib -L/usr/local/Cellar/mysql/8.3.0_1/lib -L/usr/local/opt/libiconv/lib -L/usr/local/Cellar/zeromq/4.3.5_1/lib conftest.c -lpthread   >&5
configure:18999: $? = 0
configure:19011: result: yes
configure:19060: checking for strerror_l
configure:19060: gcc -o conftest -g -O2 -I/usr/local/opt/ruby/include -I/usr/local/Cellar/mysql/8.3.0_1/include -I/Library/Developer/CommandLineTools/Library/Frameworks/Python3.framework/Headers -I/usr/local/opt/libiconv/include -I/usr/local/Cellar/zeromq/4.3.5_1/include -L/usr/local/opt/ruby/lib -L/usr/local/Cellar/mysql/8.3.0_1/lib -L/usr/local/opt/libiconv/lib -L/usr/local/Cellar/zeromq/4.3.5_1/lib conftest.c -lpthread  >&5
ld: Undefined symbols:
  _strerror_l, referenced from:
      _main in conftest-cec277.o
clang: error: linker command failed with exit code 1 (use -v to see invocation)
configure:19060: $? = 1
configure: failed program was:
| /* confdefs.h */
| #define PACKAGE_NAME "libnl"
| #define PACKAGE_TARNAME "libnl"
| #define PACKAGE_VERSION "3.10.0"
| #define PACKAGE_STRING "libnl 3.10.0"
| #define PACKAGE_BUGREPORT ""
| #define PACKAGE_URL "http://www.infradead.org/~tgr/libnl/"
| #define PACKAGE "libnl"
| #define VERSION "3.10.0"
| #define HAVE_STDIO_H 1
| #define HAVE_STDLIB_H 1
| #define HAVE_STRING_H 1
| #define HAVE_INTTYPES_H 1
| #define HAVE_STDINT_H 1
| #define HAVE_STRINGS_H 1
| #define HAVE_SYS_STAT_H 1
| #define HAVE_SYS_TYPES_H 1
| #define HAVE_UNISTD_H 1
| #define HAVE_WCHAR_H 1
| #define STDC_HEADERS 1
| #define _ALL_SOURCE 1
| #define _DARWIN_C_SOURCE 1
| #define _GNU_SOURCE 1
| #define _HPUX_ALT_XOPEN_SOCKET_API 1
| #define _NETBSD_SOURCE 1
| #define _OPENBSD_SOURCE 1
| #define _POSIX_PTHREAD_SEMANTICS 1
| #define __STDC_WANT_IEC_60559_ATTRIBS_EXT__ 1
| #define __STDC_WANT_IEC_60559_BFP_EXT__ 1
| #define __STDC_WANT_IEC_60559_DFP_EXT__ 1
| #define __STDC_WANT_IEC_60559_EXT__ 1
| #define __STDC_WANT_IEC_60559_FUNCS_EXT__ 1
| #define __STDC_WANT_IEC_60559_TYPES_EXT__ 1
| #define __STDC_WANT_LIB_EXT2__ 1
| #define __STDC_WANT_MATH_SPEC_FUNCS__ 1
| #define _TANDEM_SOURCE 1
| #define __EXTENSIONS__ 1
| #define HAVE_DLFCN_H 1
| #define LT_OBJDIR ".libs/"
| #define HAVE_DLFCN_H 1
| #define HAVE_LIBPTHREAD 1
| #define NL_DEBUG 1
| /* end confdefs.h.  */
| /* Define strerror_l to an innocuous variant, in case <limits.h> declares strerror_l.
|    For example, HP-UX 11i <limits.h> declares gettimeofday.  */
| #define strerror_l innocuous_strerror_l
| 
| /* System header to define __stub macros and hopefully few prototypes,
|    which can conflict with char strerror_l (void); below.  */
| 
| #include <limits.h>
| #undef strerror_l
| 
| /* Override any GCC internal prototype to avoid an error.
|    Use char because int might match the return type of a GCC
|    builtin and then its argument prototype would still apply.  */
| #ifdef __cplusplus
| extern "C"
| #endif
| char strerror_l (void);
| /* The GNU C library defines this for functions which it implements
|     to always fail with ENOSYS.  Some functions are actually named
|     something starting with __ and the normal name is an alias.  */
| #if defined __stub_strerror_l || defined __stub___strerror_l
| choke me
| #endif
| 
| int
| main (void)
| {
| return strerror_l ();
|   ;
|   return 0;
| }
configure:19060: result: no
configure:19068: checking for gcc options needed to detect all undeclared functions
configure:19090: gcc -c -g -O2  -I/usr/local/opt/ruby/include -I/usr/local/Cellar/mysql/8.3.0_1/include -I/Library/Developer/CommandLineTools/Library/Frameworks/Python3.framework/Headers -I/usr/local/opt/libiconv/include -I/usr/local/Cellar/zeromq/4.3.5_1/include conftest.c >&5
conftest.c:48:8: error: call to undeclared library function 'strchr' with type 'char *(const char *, int)'; ISO C99 and later do not support implicit function declarations [-Wimplicit-function-declaration]
(void) strchr;
       ^
conftest.c:48:8: note: include the header <string.h> or explicitly provide a declaration for 'strchr'
1 error generated.
configure:19090: $? = 1
configure: failed program was:
| /* confdefs.h */
| #define PACKAGE_NAME "libnl"
| #define PACKAGE_TARNAME "libnl"
| #define PACKAGE_VERSION "3.10.0"
| #define PACKAGE_STRING "libnl 3.10.0"
| #define PACKAGE_BUGREPORT ""
| #define PACKAGE_URL "http://www.infradead.org/~tgr/libnl/"
| #define PACKAGE "libnl"
| #define VERSION "3.10.0"
| #define HAVE_STDIO_H 1
| #define HAVE_STDLIB_H 1
| #define HAVE_STRING_H 1
| #define HAVE_INTTYPES_H 1
| #define HAVE_STDINT_H 1
| #define HAVE_STRINGS_H 1
| #define HAVE_SYS_STAT_H 1
| #define HAVE_SYS_TYPES_H 1
| #define HAVE_UNISTD_H 1
| #define HAVE_WCHAR_H 1
| #define STDC_HEADERS 1
| #define _ALL_SOURCE 1
| #define _DARWIN_C_SOURCE 1
| #define _GNU_SOURCE 1
| #define _HPUX_ALT_XOPEN_SOCKET_API 1
| #define _NETBSD_SOURCE 1
| #define _OPENBSD_SOURCE 1
| #define _POSIX_PTHREAD_SEMANTICS 1
| #define __STDC_WANT_IEC_60559_ATTRIBS_EXT__ 1
| #define __STDC_WANT_IEC_60559_BFP_EXT__ 1
| #define __STDC_WANT_IEC_60559_DFP_EXT__ 1
| #define __STDC_WANT_IEC_60559_EXT__ 1
| #define __STDC_WANT_IEC_60559_FUNCS_EXT__ 1
| #define __STDC_WANT_IEC_60559_TYPES_EXT__ 1
| #define __STDC_WANT_LIB_EXT2__ 1
| #define __STDC_WANT_MATH_SPEC_FUNCS__ 1
| #define _TANDEM_SOURCE 1
| #define __EXTENSIONS__ 1
| #define HAVE_DLFCN_H 1
| #define LT_OBJDIR ".libs/"
| #define HAVE_DLFCN_H 1
| #define HAVE_LIBPTHREAD 1
| #define NL_DEBUG 1
| /* end confdefs.h.  */
| 
| int
| main (void)
| {
| (void) strchr;
|   ;
|   return 0;
| }
configure:19117: gcc -c -g -O2  -I/usr/local/opt/ruby/include -I/usr/local/Cellar/mysql/8.3.0_1/include -I/Library/Developer/CommandLineTools/Library/Frameworks/Python3.framework/Headers -I/usr/local/opt/libiconv/include -I/usr/local/Cellar/zeromq/4.3.5_1/include conftest.c >&5
configure:19117: $? = 0
configure:19137: result: none needed
configure:19151: checking whether getprotobyname_r is declared
configure:19151: gcc -c -g -O2  -I/usr/local/opt/ruby/include -I/usr/local/Cellar/mysql/8.3.0_1/include -I/Library/Developer/CommandLineTools/Library/Frameworks/Python3.framework/Headers -I/usr/local/opt/libiconv/include -I/usr/local/Cellar/zeromq/4.3.5_1/include conftest.c >&5
conftest.c:55:10: error: use of undeclared identifier 'getprotobyname_r'
  (void) getprotobyname_r;
         ^
1 error generated.
configure:19151: $? = 1
configure: failed program was:
| /* confdefs.h */
| #define PACKAGE_NAME "libnl"
| #define PACKAGE_TARNAME "libnl"
| #define PACKAGE_VERSION "3.10.0"
| #define PACKAGE_STRING "libnl 3.10.0"
| #define PACKAGE_BUGREPORT ""
| #define PACKAGE_URL "http://www.infradead.org/~tgr/libnl/"
| #define PACKAGE "libnl"
| #define VERSION "3.10.0"
| #define HAVE_STDIO_H 1
| #define HAVE_STDLIB_H 1
| #define HAVE_STRING_H 1
| #define HAVE_INTTYPES_H 1
| #define HAVE_STDINT_H 1
| #define HAVE_STRINGS_H 1
| #define HAVE_SYS_STAT_H 1
| #define HAVE_SYS_TYPES_H 1
| #define HAVE_UNISTD_H 1
| #define HAVE_WCHAR_H 1
| #define STDC_HEADERS 1
| #define _ALL_SOURCE 1
| #define _DARWIN_C_SOURCE 1
| #define _GNU_SOURCE 1
| #define _HPUX_ALT_XOPEN_SOCKET_API 1
| #define _NETBSD_SOURCE 1
| #define _OPENBSD_SOURCE 1
| #define _POSIX_PTHREAD_SEMANTICS 1
| #define __STDC_WANT_IEC_60559_ATTRIBS_EXT__ 1
| #define __STDC_WANT_IEC_60559_BFP_EXT__ 1
| #define __STDC_WANT_IEC_60559_DFP_EXT__ 1
| #define __STDC_WANT_IEC_60559_EXT__ 1
| #define __STDC_WANT_IEC_60559_FUNCS_EXT__ 1
| #define __STDC_WANT_IEC_60559_TYPES_EXT__ 1
| #define __STDC_WANT_LIB_EXT2__ 1
| #define __STDC_WANT_MATH_SPEC_FUNCS__ 1
| #define _TANDEM_SOURCE 1
| #define __EXTENSIONS__ 1
| #define HAVE_DLFCN_H 1
| #define LT_OBJDIR ".libs/"
| #define HAVE_DLFCN_H 1
| #define HAVE_LIBPTHREAD 1
| #define NL_DEBUG 1
| /* end confdefs.h.  */
| 
|     #include <netdb.h>
| 
| 
| int
| main (void)
| {
| #ifndef getprotobyname_r
| #ifdef __cplusplus
|   (void) getprotobyname_r;
| #else
|   (void) getprotobyname_r;
| #endif
| #endif
| 
|   ;
|   return 0;
| }
configure:19151: result: no
configure:19163: checking whether getprotobynumber_r is declared
configure:19163: gcc -c -g -O2  -I/usr/local/opt/ruby/include -I/usr/local/Cellar/mysql/8.3.0_1/include -I/Library/Developer/CommandLineTools/Library/Frameworks/Python3.framework/Headers -I/usr/local/opt/libiconv/include -I/usr/local/Cellar/zeromq/4.3.5_1/include conftest.c >&5
conftest.c:56:10: error: use of undeclared identifier 'getprotobynumber_r'
  (void) getprotobynumber_r;
         ^
1 error generated.
configure:19163: $? = 1
configure: failed program was:
| /* confdefs.h */
| #define PACKAGE_NAME "libnl"
| #define PACKAGE_TARNAME "libnl"
| #define PACKAGE_VERSION "3.10.0"
| #define PACKAGE_STRING "libnl 3.10.0"
| #define PACKAGE_BUGREPORT ""
| #define PACKAGE_URL "http://www.infradead.org/~tgr/libnl/"
| #define PACKAGE "libnl"
| #define VERSION "3.10.0"
| #define HAVE_STDIO_H 1
| #define HAVE_STDLIB_H 1
| #define HAVE_STRING_H 1
| #define HAVE_INTTYPES_H 1
| #define HAVE_STDINT_H 1
| #define HAVE_STRINGS_H 1
| #define HAVE_SYS_STAT_H 1
| #define HAVE_SYS_TYPES_H 1
| #define HAVE_UNISTD_H 1
| #define HAVE_WCHAR_H 1
| #define STDC_HEADERS 1
| #define _ALL_SOURCE 1
| #define _DARWIN_C_SOURCE 1
| #define _GNU_SOURCE 1
| #define _HPUX_ALT_XOPEN_SOCKET_API 1
| #define _NETBSD_SOURCE 1
| #define _OPENBSD_SOURCE 1
| #define _POSIX_PTHREAD_SEMANTICS 1
| #define __STDC_WANT_IEC_60559_ATTRIBS_EXT__ 1
| #define __STDC_WANT_IEC_60559_BFP_EXT__ 1
| #define __STDC_WANT_IEC_60559_DFP_EXT__ 1
| #define __STDC_WANT_IEC_60559_EXT__ 1
| #define __STDC_WANT_IEC_60559_FUNCS_EXT__ 1
| #define __STDC_WANT_IEC_60559_TYPES_EXT__ 1
| #define __STDC_WANT_LIB_EXT2__ 1
| #define __STDC_WANT_MATH_SPEC_FUNCS__ 1
| #define _TANDEM_SOURCE 1
| #define __EXTENSIONS__ 1
| #define HAVE_DLFCN_H 1
| #define LT_OBJDIR ".libs/"
| #define HAVE_DLFCN_H 1
| #define HAVE_LIBPTHREAD 1
| #define NL_DEBUG 1
| #define HAVE_DECL_GETPROTOBYNAME_R 0
| /* end confdefs.h.  */
| 
|     #include <netdb.h>
| 
| 
| int
| main (void)
| {
| #ifndef getprotobynumber_r
| #ifdef __cplusplus
|   (void) getprotobynumber_r;
| #else
|   (void) getprotobynumber_r;
| #endif
| #endif
| 
|   ;
|   return 0;
| }
configure:19163: result: no
configure:19304: checking that generated files are newer than configure
configure:19310: result: done
configure:19369: creating ./config.status

## ---------------------- ##
## Running config.status. ##
## ---------------------- ##

This file was extended by libnl config.status 3.10.0, which was
generated by GNU Autoconf 2.72.  Invocation command line was

  CONFIG_FILES    = 
  CONFIG_HEADERS  = 
  CONFIG_LINKS    = 
  CONFIG_COMMANDS = 
  $ ./config.status 

on MacBook-Pro.local

config.status:1209: creating Makefile
config.status:1209: creating libnl-3.0.pc
config.status:1209: creating libnl-route-3.0.pc
config.status:1209: creating libnl-genl-3.0.pc
config.status:1209: creating libnl-nf-3.0.pc
config.status:1209: creating libnl-cli-3.0.pc
config.status:1209: creating libnl-xfrm-3.0.pc
config.status:1209: creating libnl-idiag-3.0.pc
config.status:1209: creating python/setup.py
config.status:1209: creating include/netlink/version.h
config.status:1209: creating include/config.h
config.status:1423: executing depfiles commands
config.status:1500: cd .       && sed -e '/# am--include-marker/d' Makefile         | make -f - am--depfiles
config.status:1505: $? = 0
config.status:1423: executing libtool commands
configure:21863: === configuring in doc (/Users/admin/code/cpp/libnl/build/doc)
configure:21924: running /bin/sh /Users/admin/code/cpp/libnl/doc/configure --disable-option-checking '--prefix=/usr/local'  'LDFLAGS=-L/usr/local/opt/ruby/lib -L/usr/local/Cellar/mysql/8.3.0_1/lib -L/usr/local/opt/libiconv/lib -L/usr/local/Cellar/zeromq/4.3.5_1/lib' 'CPPFLAGS=-I/usr/local/opt/ruby/include -I/usr/local/Cellar/mysql/8.3.0_1/include -I/Library/Developer/CommandLineTools/Library/Frameworks/Python3.framework/Headers -I/usr/local/opt/libiconv/include -I/usr/local/Cellar/zeromq/4.3.5_1/include' --cache-file=/dev/null --srcdir=/Users/admin/code/cpp/libnl/doc

## ---------------- ##
## Cache variables. ##
## ---------------- ##

ac_cv_build=x86_64-apple-darwin23.1.0
ac_cv_c_compiler_gnu=yes
ac_cv_c_const=yes
ac_cv_c_inline=inline
ac_cv_c_undeclared_builtin_options='none needed'
ac_cv_cxx_compiler_gnu=yes
ac_cv_env_CCC_set=
ac_cv_env_CCC_value=
ac_cv_env_CC_set=
ac_cv_env_CC_value=
ac_cv_env_CFLAGS_set=
ac_cv_env_CFLAGS_value=
ac_cv_env_CHECK_CFLAGS_set=
ac_cv_env_CHECK_CFLAGS_value=
ac_cv_env_CHECK_LIBS_set=
ac_cv_env_CHECK_LIBS_value=
ac_cv_env_CPPFLAGS_set=set
ac_cv_env_CPPFLAGS_value='-I/usr/local/opt/ruby/include -I/usr/local/Cellar/mysql/8.3.0_1/include -I/Library/Developer/CommandLineTools/Library/Frameworks/Python3.framework/Headers -I/usr/local/opt/libiconv/include -I/usr/local/Cellar/zeromq/4.3.5_1/include'
ac_cv_env_CXXCPP_set=
ac_cv_env_CXXCPP_value=
ac_cv_env_CXXFLAGS_set=
ac_cv_env_CXXFLAGS_value=
ac_cv_env_CXX_set=
ac_cv_env_CXX_value=
ac_cv_env_LDFLAGS_set=set
ac_cv_env_LDFLAGS_value='-L/usr/local/opt/ruby/lib -L/usr/local/Cellar/mysql/8.3.0_1/lib -L/usr/local/opt/libiconv/lib -L/usr/local/Cellar/zeromq/4.3.5_1/lib'
ac_cv_env_LIBS_set=
ac_cv_env_LIBS_value=
ac_cv_env_LT_SYS_LIBRARY_PATH_set=
ac_cv_env_LT_SYS_LIBRARY_PATH_value=
ac_cv_env_PKG_CONFIG_LIBDIR_set=
ac_cv_env_PKG_CONFIG_LIBDIR_value=
ac_cv_env_PKG_CONFIG_PATH_set=
ac_cv_env_PKG_CONFIG_PATH_value=
ac_cv_env_PKG_CONFIG_set=
ac_cv_env_PKG_CONFIG_value=
ac_cv_env_build_alias_set=
ac_cv_env_build_alias_value=
ac_cv_env_host_alias_set=
ac_cv_env_host_alias_value=
ac_cv_env_target_alias_set=
ac_cv_env_target_alias_value=
ac_cv_func_strerror_l=no
ac_cv_have_decl_getprotobyname_r=no
ac_cv_have_decl_getprotobynumber_r=no
ac_cv_header_dlfcn_h=yes
ac_cv_header_inttypes_h=yes
ac_cv_header_minix_config_h=no
ac_cv_header_stdint_h=yes
ac_cv_header_stdio_h=yes
ac_cv_header_stdlib_h=yes
ac_cv_header_string_h=yes
ac_cv_header_strings_h=yes
ac_cv_header_sys_stat_h=yes
ac_cv_header_sys_types_h=yes
ac_cv_header_unistd_h=yes
ac_cv_header_wchar_h=yes
ac_cv_host=x86_64-apple-darwin23.1.0
ac_cv_lib_pthread_pthread_mutex_lock=yes
ac_cv_objext=o
ac_cv_path_EGREP='/usr/local/bin/ggrep -E'
ac_cv_path_EGREP_TRADITIONAL='/usr/local/bin/ggrep -E'
ac_cv_path_FGREP='/usr/local/bin/ggrep -F'
ac_cv_path_GREP=/usr/local/bin/ggrep
ac_cv_path_SED=/usr/local/bin/gsed
ac_cv_path_ac_pt_PKG_CONFIG=/usr/local/bin/pkg-config
ac_cv_path_install='/usr/local/bin/ginstall -c'
ac_cv_path_lt_DD=/bin/dd
ac_cv_path_mkdir=/usr/local/bin/gmkdir
ac_cv_prog_AWK=awk
ac_cv_prog_CXXCPP='g++ -std=gnu++11 -E'
ac_cv_prog_FLEX=flex
ac_cv_prog_YACC='bison -y'
ac_cv_prog_ac_ct_AR=ar
ac_cv_prog_ac_ct_CC=gcc
ac_cv_prog_ac_ct_CXX=g++
ac_cv_prog_ac_ct_DSYMUTIL=dsymutil
ac_cv_prog_ac_ct_FILECMD=file
ac_cv_prog_ac_ct_LIPO=lipo
ac_cv_prog_ac_ct_NMEDIT=nmedit
ac_cv_prog_ac_ct_OBJDUMP=objdump
ac_cv_prog_ac_ct_OTOOL=otool
ac_cv_prog_ac_ct_RANLIB=ranlib
ac_cv_prog_ac_ct_STRIP=strip
ac_cv_prog_cc_c11=
ac_cv_prog_cc_g=yes
ac_cv_prog_cc_stdc=
ac_cv_prog_cxx_cxx11=-std=gnu++11
ac_cv_prog_cxx_g=yes
ac_cv_prog_cxx_stdcxx=-std=gnu++11
ac_cv_prog_make_make_set=yes
ac_cv_safe_to_define___extensions__=yes
ac_cv_should_define__xopen_source=no
am_cv_CC_dependencies_compiler_type=gcc3
am_cv_CXX_dependencies_compiler_type=gcc3
am_cv_ar_interface=ar
am_cv_make_support_nested_variables=yes
am_cv_prog_cc_c_o=yes
lt_cv_apple_cc_single_mod=no
lt_cv_ar_at_file=no
lt_cv_deplibs_check_method=pass_all
lt_cv_file_magic_cmd='$MAGIC_CMD'
lt_cv_file_magic_test_file=
lt_cv_ld_exported_symbols_list=yes
lt_cv_ld_force_load=yes
lt_cv_ld_reload_flag=-r
lt_cv_nm_interface='BSD nm'
lt_cv_objdir=.libs
lt_cv_path_LD=/Applications/Xcode.app/Contents/Developer/Toolchains/XcodeDefault.xctoolchain/usr/bin/ld
lt_cv_path_LDCXX=/Applications/Xcode.app/Contents/Developer/Toolchains/XcodeDefault.xctoolchain/usr/bin/ld
lt_cv_path_NM='/usr/bin/nm -B'
lt_cv_path_mainfest_tool=no
lt_cv_prog_compiler_c_o=yes
lt_cv_prog_compiler_c_o_CXX=yes
lt_cv_prog_compiler_pic='-fno-common -DPIC'
lt_cv_prog_compiler_pic_CXX='-fno-common -DPIC'
lt_cv_prog_compiler_pic_works=yes
lt_cv_prog_compiler_pic_works_CXX=yes
lt_cv_prog_compiler_rtti_exceptions=yes
lt_cv_prog_compiler_static_works=no
lt_cv_prog_compiler_static_works_CXX=no
lt_cv_prog_gnu_ld=no
lt_cv_prog_gnu_ldcxx=no
lt_cv_sharedlib_from_linklib_cmd='printf %s\n'
lt_cv_sys_global_symbol_pipe='/usr/local/bin/gsed -n -e '\''s/^.*[	 ]\([ABCDGIRSTW][ABCDGIRSTW]*\)[	 ][	 ]*_\([_A-Za-z][_A-Za-z0-9]*\)$/\1 _\2 \2/p'\'' | /usr/local/bin/gsed '\''/ __gnu_lto/d'\'''
lt_cv_sys_global_symbol_to_c_name_address='/usr/local/bin/gsed -n -e '\''s/^: \(.*\) .*$/  {"\1", (void *) 0},/p'\'' -e '\''s/^[ABCDGIRSTW][ABCDGIRSTW]* .* \(.*\)$/  {"\1", (void *) \&\1},/p'\'''
lt_cv_sys_global_symbol_to_c_name_address_lib_prefix='/usr/local/bin/gsed -n -e '\''s/^: \(.*\) .*$/  {"\1", (void *) 0},/p'\'' -e '\''s/^[ABCDGIRSTW][ABCDGIRSTW]* .* \(lib.*\)$/  {"\1", (void *) \&\1},/p'\'' -e '\''s/^[ABCDGIRSTW][ABCDGIRSTW]* .* \(.*\)$/  {"lib\1", (void *) \&\1},/p'\'''
lt_cv_sys_global_symbol_to_cdecl='/usr/local/bin/gsed -n -e '\''s/^T .* \(.*\)$/extern int \1();/p'\'' -e '\''s/^[ABCDGIRSTW][ABCDGIRSTW]* .* \(.*\)$/extern char \1;/p'\'''
lt_cv_sys_global_symbol_to_import=
lt_cv_sys_max_cmd_len=786432
lt_cv_to_host_file_cmd=func_convert_file_noop
lt_cv_to_tool_file_cmd=func_convert_file_noop
lt_cv_truncate_bin='/bin/dd bs=4096 count=1'

## ----------------- ##
## Output variables. ##
## ----------------- ##

ACLOCAL='${SHELL} '\''/Users/admin/code/cpp/libnl/build-aux/missing'\'' aclocal-1.16'
AMDEPBACKSLASH='\'
AMDEP_FALSE='#'
AMDEP_TRUE=''
AMTAR='$${TAR-tar}'
AM_BACKSLASH='\'
AM_DEFAULT_V='$(AM_DEFAULT_VERBOSITY)'
AM_DEFAULT_VERBOSITY='0'
AM_V='$(V)'
AR='ar'
AUTOCONF='${SHELL} '\''/Users/admin/code/cpp/libnl/build-aux/missing'\'' autoconf'
AUTOHEADER='${SHELL} '\''/Users/admin/code/cpp/libnl/build-aux/missing'\'' autoheader'
AUTOMAKE='${SHELL} '\''/Users/admin/code/cpp/libnl/build-aux/missing'\'' automake-1.16'
AWK='awk'
CC='gcc'
CCDEPMODE='depmode=gcc3'
CFLAGS='-g -O2'
CHECK_CFLAGS=''
CHECK_LIBS=''
CPPFLAGS='-I/usr/local/opt/ruby/include -I/usr/local/Cellar/mysql/8.3.0_1/include -I/Library/Developer/CommandLineTools/Library/Frameworks/Python3.framework/Headers -I/usr/local/opt/libiconv/include -I/usr/local/Cellar/zeromq/4.3.5_1/include'
CSCOPE='cscope'
CTAGS='ctags'
CXX='g++ -std=gnu++11'
CXXCPP='g++ -std=gnu++11 -E'
CXXDEPMODE='depmode=gcc3'
CXXFLAGS='-g -O2'
CYGPATH_W='echo'
DEFS='-DHAVE_CONFIG_H'
DEPDIR='.deps'
DISABLE_PTHREADS_FALSE=''
DISABLE_PTHREADS_TRUE='#'
DLLTOOL='false'
DSYMUTIL='dsymutil'
DUMPBIN=''
ECHO_C='\c'
ECHO_N=''
ECHO_T=''
EGREP='/usr/local/bin/ggrep -E'
ENABLE_CLI_FALSE='#'
ENABLE_CLI_INSTALL_BIN_FALSE='#'
ENABLE_CLI_INSTALL_BIN_TRUE=''
ENABLE_CLI_INSTALL_SBIN_FALSE=''
ENABLE_CLI_INSTALL_SBIN_TRUE='#'
ENABLE_CLI_TRUE=''
ENABLE_STATIC_FALSE='#'
ENABLE_STATIC_TRUE=''
ETAGS='etags'
EXEEXT=''
FGREP='/usr/local/bin/ggrep -F'
FILECMD='file'
FLEX='flex'
GREP='/usr/local/bin/ggrep'
HAS_CXX_FALSE='#'
HAS_CXX_TRUE=''
INSTALL_DATA='${INSTALL} -m 644'
INSTALL_PROGRAM='${INSTALL}'
INSTALL_SCRIPT='${INSTALL}'
INSTALL_STRIP_PROGRAM='$(install_sh) -c -s'
LD='/Applications/Xcode.app/Contents/Developer/Toolchains/XcodeDefault.xctoolchain/usr/bin/ld'
LDFLAGS='-L/usr/local/opt/ruby/lib -L/usr/local/Cellar/mysql/8.3.0_1/lib -L/usr/local/opt/libiconv/lib -L/usr/local/Cellar/zeromq/4.3.5_1/lib'
LIBNL_VERSION='3.10.0'
LIBOBJS=''
LIBS='-lpthread '
LIBTOOL='$(SHELL) $(top_builddir)/libtool'
LIPO='lipo'
LN_S='ln -s'
LTLIBOBJS=''
LT_AGE='26'
LT_CURRENT='226'
LT_REVISION='0'
LT_SYS_LIBRARY_PATH=''
MAJ_VERSION='3'
MAKEINFO='${SHELL} '\''/Users/admin/code/cpp/libnl/build-aux/missing'\'' makeinfo'
MANIFEST_TOOL=':'
MIC_VERSION='0'
MIN_VERSION='10'
MKDIR_P='/usr/local/bin/gmkdir -p'
NM='/usr/bin/nm -B'
NMEDIT='nmedit'
OBJDUMP='objdump'
OBJEXT='o'
OTOOL64=':'
OTOOL='otool'
PACKAGE='libnl'
PACKAGE_BUGREPORT=''
PACKAGE_NAME='libnl'
PACKAGE_STRING='libnl 3.10.0'
PACKAGE_TARNAME='libnl'
PACKAGE_URL='http://www.infradead.org/~tgr/libnl/'
PACKAGE_VERSION='3.10.0'
PATH_SEPARATOR=':'
PKG_CONFIG='/usr/local/bin/pkg-config'
PKG_CONFIG_LIBDIR=''
PKG_CONFIG_PATH=''
RANLIB='ranlib'
SED='/usr/local/bin/gsed'
SET_MAKE=''
SHELL='/bin/sh'
STRIP='strip'
VERSION='3.10.0'
WITH_CHECK_FALSE=''
WITH_CHECK_TRUE='#'
YACC='bison -y'
ac_ct_AR='ar'
ac_ct_CC='gcc'
ac_ct_CXX='g++'
ac_ct_DUMPBIN=''
am__EXEEXT_FALSE=''
am__EXEEXT_TRUE='#'
am__fastdepCC_FALSE='#'
am__fastdepCC_TRUE=''
am__fastdepCXX_FALSE='#'
am__fastdepCXX_TRUE=''
am__include='include'
am__isrc=' -I$(srcdir)'
am__leading_dot='.'
am__nodep='_no'
am__quote=''
am__tar='$${TAR-tar} chof - "$$tardir"'
am__untar='$${TAR-tar} xf -'
bindir='${exec_prefix}/bin'
build='x86_64-apple-darwin23.1.0'
build_alias=''
build_cpu='x86_64'
build_os='darwin23.1.0'
build_vendor='apple'
datadir='${datarootdir}'
datarootdir='${prefix}/share'
docdir='${datarootdir}/doc/${PACKAGE_TARNAME}'
dvidir='${docdir}'
exec_prefix='${prefix}'
host='x86_64-apple-darwin23.1.0'
host_alias=''
host_cpu='x86_64'
host_os='darwin23.1.0'
host_vendor='apple'
htmldir='${docdir}'
includedir='${prefix}/include'
infodir='${datarootdir}/info'
install_sh='${SHELL} /Users/admin/code/cpp/libnl/build-aux/install-sh'
libdir='${exec_prefix}/lib'
libexecdir='${exec_prefix}/libexec'
localedir='${datarootdir}/locale'
localstatedir='${prefix}/var'
mandir='${datarootdir}/man'
mkdir_p='$(MKDIR_P)'
oldincludedir='/usr/include'
pdfdir='${docdir}'
pkgconfigdir='${libdir}/pkgconfig'
prefix='/usr/local'
program_transform_name='s,x,x,'
psdir='${docdir}'
runstatedir='${localstatedir}/run'
sbindir='${exec_prefix}/sbin'
sharedstatedir='${prefix}/com'
subdirs=' doc'
sysconfdir='${prefix}/etc'
target_alias=''

## ----------- ##
## confdefs.h. ##
## ----------- ##

/* confdefs.h */
#define PACKAGE_NAME "libnl"
#define PACKAGE_TARNAME "libnl"
#define PACKAGE_VERSION "3.10.0"
#define PACKAGE_STRING "libnl 3.10.0"
#define PACKAGE_BUGREPORT ""
#define PACKAGE_URL "http://www.infradead.org/~tgr/libnl/"
#define PACKAGE "libnl"
#define VERSION "3.10.0"
#define HAVE_STDIO_H 1
#define HAVE_STDLIB_H 1
#define HAVE_STRING_H 1
#define HAVE_INTTYPES_H 1
#define HAVE_STDINT_H 1
#define HAVE_STRINGS_H 1
#define HAVE_SYS_STAT_H 1
#define HAVE_SYS_TYPES_H 1
#define HAVE_UNISTD_H 1
#define HAVE_WCHAR_H 1
#define STDC_HEADERS 1
#define _ALL_SOURCE 1
#define _DARWIN_C_SOURCE 1
#define _GNU_SOURCE 1
#define _HPUX_ALT_XOPEN_SOCKET_API 1
#define _NETBSD_SOURCE 1
#define _OPENBSD_SOURCE 1
#define _POSIX_PTHREAD_SEMANTICS 1
#define __STDC_WANT_IEC_60559_ATTRIBS_EXT__ 1
#define __STDC_WANT_IEC_60559_BFP_EXT__ 1
#define __STDC_WANT_IEC_60559_DFP_EXT__ 1
#define __STDC_WANT_IEC_60559_EXT__ 1
#define __STDC_WANT_IEC_60559_FUNCS_EXT__ 1
#define __STDC_WANT_IEC_60559_TYPES_EXT__ 1
#define __STDC_WANT_LIB_EXT2__ 1
#define __STDC_WANT_MATH_SPEC_FUNCS__ 1
#define _TANDEM_SOURCE 1
#define __EXTENSIONS__ 1
#define HAVE_DLFCN_H 1
#define LT_OBJDIR ".libs/"
#define HAVE_DLFCN_H 1
#define HAVE_LIBPTHREAD 1
#define NL_DEBUG 1
#define HAVE_DECL_GETPROTOBYNAME_R 0
#define HAVE_DECL_GETPROTOBYNUMBER_R 0

configure: exit 0
